Arguments: 
  /Users/gaoyang/.nvm/versions/node/v10.0.0/bin/node /usr/local/Cellar/yarn/1.3.2/libexec/bin/yarn.js

PATH: 
  /Users/gaoyang/.nvm/versions/node/v10.0.0/bin:/usr/local/bin:/usr/bin:/bin:/usr/sbin:/sbin:/Applications/Wireshark.app/Contents/MacOS

Yarn version: 
  1.3.2

Node version: 
  10.0.0

Platform: 
  darwin x64

npm manifest: 
  {
    "name": "graphql_demo",
    "version": "1.0.0",
    "description": "",
    "main": "index.js",
    "scripts": {
      "test": "echo \"Error: no test specified\" && exit 1"
      "dev":"./server/server.js"
    },
    "keywords": [
      "graphql"
    ],
    "dependencies": {
      "express": "^4.16.4",
      "sqlite3": "^4.0.4",
      "graphql":"^14.0.2",
      "express-graphql": "^0.7.1"
    },
    "author": "gaoyang",
    "license": "ISC"
  }

yarn manifest: 
  No manifest

Lockfile: 
  No lockfile

Trace: 
  SyntaxError: /Users/gaoyang/learn/graphql_demo/package.json: Unexpected string in JSON at position 170
      at JSON.parse (<anonymous>)
      at /usr/local/Cellar/yarn/1.3.2/libexec/lib/cli.js:770:59
      at Generator.next (<anonymous>)
      at step (/usr/local/Cellar/yarn/1.3.2/libexec/lib/cli.js:92:30)
      at /usr/local/Cellar/yarn/1.3.2/libexec/lib/cli.js:103:13
